2023-01-21 19:00:03,752 [INFO] - TestApi:Started update for: 840=>980
2023-01-21 19:00:03,753 [DEBUG] - TestApi:rate before: 1
2023-01-21 19:00:03,758 [DEBUG] - TestApi:rate after: 1
2023-01-21 19:00:03,759 [INFO] - TestApi:Finished update for: 840=>980
2023-01-21 20:56:34,893 [INFO] - TestApi:Started update for: 840=>980
2023-01-21 20:56:34,894 [DEBUG] - TestApi:rate before: 1
2023-01-21 20:56:34,899 [DEBUG] - TestApi:rate after: 1
2023-01-21 20:56:34,899 [INFO] - TestApi:Finished update for: 840=>980
2023-01-21 20:58:28,344 [INFO] - TestApi:Started update for: 840=>980
2023-01-21 20:58:28,345 [DEBUG] - TestApi:rate before: XRate(840=>980): 1.0
2023-01-21 20:58:28,350 [DEBUG] - TestApi:rate after: XRate(840=>980): 1.01
2023-01-21 20:58:28,351 [INFO] - TestApi:Finished update for: 840=>980
2023-01-21 20:59:58,685 [INFO] - TestApi:Started update for: 840=>980
2023-01-21 20:59:58,690 [INFO] - TestApi:Finished update for: 840=>980
2023-01-21 21:01:21,426 [INFO] - TestApi:Started update for: 840=>980
2023-01-21 21:01:21,427 [DEBUG] - TestApi:rate before: XRate(840=>980): 1.0
2023-01-21 21:01:21,432 [DEBUG] - TestApi:rate after: XRate(840=>980): 1.01
2023-01-21 21:01:21,432 [INFO] - TestApi:Finished update for: 840=>980
2023-01-22 20:57:14,182 [INFO] - TestApi:Started update for: 840=>980
2023-01-22 20:57:14,183 [DEBUG] - TestApi:rate before: XRate(840=>980): 1.0
2023-01-22 20:57:14,188 [DEBUG] - TestApi:rate after: XRate(840=>980): 1.01
2023-01-22 20:57:14,189 [INFO] - TestApi:Finished update for: 840=>980
2023-01-22 20:59:01,379 [INFO] - TestApi:Started update for: 840=>980
2023-01-22 20:59:01,380 [DEBUG] - TestApi:rate before: XRate(840=>980): 1.0
2023-01-22 20:59:01,385 [DEBUG] - TestApi:rate after: XRate(840=>980): 1.01
2023-01-22 20:59:01,385 [INFO] - TestApi:Finished update for: 840=>980
2023-01-22 20:59:11,162 [INFO] - TestApi:Started update for: 840=>980
2023-01-22 20:59:11,163 [DEBUG] - TestApi:rate before: XRate(840=>980): 1.0
2023-01-22 20:59:11,167 [DEBUG] - TestApi:rate after: XRate(840=>980): 1.01
2023-01-22 20:59:11,167 [INFO] - TestApi:Finished update for: 840=>980
2023-01-22 20:59:11,193 [INFO] - PBankApi:Started update for: 840=>980
2023-01-22 20:59:11,194 [DEBUG] - PBankApi:rate before: XRate(840=>980): 1.0
2023-01-22 21:05:05,173 [INFO] - TestApi:Started update for: 840=>980
2023-01-22 21:05:05,174 [DEBUG] - TestApi:rate before: XRate(840=>980): 1.0
2023-01-22 21:05:05,181 [DEBUG] - TestApi:rate after: XRate(840=>980): 1.01
2023-01-22 21:05:05,181 [INFO] - TestApi:Finished update for: 840=>980
2023-01-22 21:05:05,209 [INFO] - PBankApi:Started update for: 840=>980
2023-01-22 21:05:05,210 [DEBUG] - PBankApi:rate before: XRate(840=>980): 1.0
2023-01-22 21:21:48,355 [INFO] - TestApi:Started update for: 840=>980
2023-01-22 21:21:48,357 [DEBUG] - TestApi:rate before: XRate(840=>980): 1.0
2023-01-22 21:21:48,362 [DEBUG] - TestApi:rate after: XRate(840=>980): 1.01
2023-01-22 21:21:48,362 [INFO] - TestApi:Finished update for: 840=>980
2023-01-22 21:21:48,385 [INFO] - PBankApi:Started update for: 840=>980
2023-01-22 21:21:48,386 [DEBUG] - PBankApi:rate before: XRate(840=>980): 1.0
2023-01-22 21:23:49,211 [INFO] - TestApi:Started update for: 840=>980
2023-01-22 21:23:49,213 [DEBUG] - TestApi:rate before: XRate(840=>980): 1.0
2023-01-22 21:23:49,217 [DEBUG] - TestApi:rate after: XRate(840=>980): 1.01
2023-01-22 21:23:49,217 [INFO] - TestApi:Finished update for: 840=>980
2023-01-22 21:23:49,246 [INFO] - PBankApi:Started update for: 840=>980
2023-01-22 21:23:49,246 [DEBUG] - PBankApi:rate before: XRate(840=>980): 1.0
2023-01-22 21:55:29,199 [INFO] - TestApi:Started update for: 840=>980
2023-01-22 21:55:29,200 [DEBUG] - TestApi:rate before: XRate(840=>980): 1.0
2023-01-22 21:55:29,205 [DEBUG] - TestApi:rate after: XRate(840=>980): 1.01
2023-01-22 21:55:29,205 [INFO] - TestApi:Finished update for: 840=>980
2023-01-22 21:55:29,234 [INFO] - PBankApi:Started update for: 840=>980
2023-01-22 21:55:29,235 [DEBUG] - PBankApi:rate before: XRate(840=>980): 1.0
2023-01-22 21:56:24,760 [INFO] - TestApi:Started update for: 840=>980
2023-01-22 21:56:24,762 [DEBUG] - TestApi:rate before: XRate(840.0=>980): 1.0
2023-01-22 21:56:24,769 [DEBUG] - TestApi:rate after: XRate(840.0=>980): 1.01
2023-01-22 21:56:24,769 [INFO] - TestApi:Finished update for: 840=>980
2023-01-22 21:56:24,801 [INFO] - PBankApi:Started update for: 840=>980
2023-01-22 21:56:24,802 [DEBUG] - PBankApi:rate before: XRate(840.0=>980): 1.0
